[debug] [2020-10-09T17:14:43.605Z] ----------------------------------------------------------------------
[debug] [2020-10-09T17:14:43.608Z] Command:       C:\Program Files\nodejs\node.exe C:\Users\Vinni\AppData\Roaming\npm\node_modules\firebase-tools\lib\bin\firebase.js init
[debug] [2020-10-09T17:14:43.608Z] CLI Version:   8.12.0
[debug] [2020-10-09T17:14:43.609Z] Platform:      win32
[debug] [2020-10-09T17:14:43.609Z] Node Version:  v12.4.0
[debug] [2020-10-09T17:14:43.610Z] Time:          Fri Oct 09 2020 12:14:43 GMT-0500 (GMT-05:00)
[debug] [2020-10-09T17:14:43.610Z] ----------------------------------------------------------------------
[debug] [2020-10-09T17:14:43.610Z] 
[debug] [2020-10-09T17:14:43.620Z] > command requires scopes: ["email","openid","https://www.googleapis.com/auth/cloudplatformprojects.readonly","https://www.googleapis.com/auth/firebase","https://www.googleapis.com/auth/cloud-platform"]
[debug] [2020-10-09T17:14:43.620Z] > authorizing via signed-in user
[info] 
     ######## #### ########  ######## ########     ###     ######  ########
     ##        ##  ##     ## ##       ##     ##  ##   ##  ##       ##
     ######    ##  ########  ######   ########  #########  ######  ######
     ##        ##  ##    ##  ##       ##     ## ##     ##       ## ##
     ##       #### ##     ## ######## ########  ##     ##  ######  ########

You're about to initialize a Firebase project in this directory:

  D:\apl\REACT\app-react

Before we get started, keep in mind:

  * You are initializing in an existing Firebase project directory

